<?xml version="1.0" ?>
<!DOCTYPE coverage SYSTEM 'http://cobertura.sourceforge.net/xml/coverage-04.dtd'>
<coverage line-rate="0.050" lines-covered="1" lines-valid="20" branch-rate="1.0" branches-covered="1.0" branches-rate="1.0" complexity="1.0" version="1.9" timestamp="1748037992">
	<sources>
		<source>/home/klfjoat/src/gh-issue-kcov-nofuncsbats/library.bash/</source>
	</sources>
	<packages>
		<package name="bats" line-rate="0.050" lines-covered="1" lines-valid="20" branch-rate="1.0" complexity="1.0">
			<classes>
				<class name="library_bash__0" filename="/home/klfjoat/src/gh-issue-kcov-nofuncsbats/library.bash" branch-rate="1.0" complexity="1.0" line-rate="0.050">
					<lines>
						<line number="24" hits="0"/>
						<line number="25" hits="0"/>
						<line number="26" hits="0"/>
						<line number="29" hits="0"/>
						<line number="31" hits="0"/>
						<line number="33" hits="0"/>
						<line number="34" hits="0"/>
						<line number="37" hits="0"/>
						<line number="38" hits="0"/>
						<line number="39" hits="0"/>
						<line number="43" hits="0"/>
						<line number="44" hits="0"/>
						<line number="45" hits="0"/>
						<line number="46" hits="0"/>
						<line number="47" hits="0"/>
						<line number="48" hits="0"/>
						<line number="53" hits="0"/>
						<line number="54" hits="0"/>
						<line number="55" hits="0"/>
						<line number="57" hits="2"/>
					</lines>
				</class>
			</classes>
		</package>
	</packages>
</coverage>
